<?xml version="1.0" encoding="UTF-8"?>
<!-- Generated by org.testng.reporters.JUnitReportReporter -->
<testsuite hostname="CARDOZ" failures="0" tests="2" name="testCases.TC003_LoginDDT" time="15.112" errors="0" timestamp="2025-07-01T15:49:55 IST" skipped="0">
  <testcase classname="testCases.TC003_LoginDDT" name="Verify_LoginDDT" time="3.092"/>
  <testcase classname="testCases.TC003_LoginDDT" name="Verify_LoginDDT" time="12.020"/>
</testsuite> <!-- testCases.TC003_LoginDDT -->
