<?xml version="1.0" encoding="UTF-8"?>
<!-- Generated by org.testng.reporters.JUnitReportReporter -->
<testsuite hostname="CARDOZ" failures="0" tests="2" name="testCases.TC003_LoginDDT" time="14.052" errors="0" timestamp="2025-07-01T16:32:10 IST" skipped="0">
  <testcase classname="testCases.TC003_LoginDDT" name="Verify_LoginDDT" time="2.653"/>
  <testcase classname="testCases.TC003_LoginDDT" name="Verify_LoginDDT" time="11.399"/>
</testsuite> <!-- testCases.TC003_LoginDDT -->
